<?xml version="1.0" encoding="UTF-8"?>
<testsuite xmlns:xsi="http://www.w3.org/2001/XMLSchema-instance" xsi:noNamespaceSchemaLocation="https://maven.apache.org/surefire/maven-surefire-plugin/xsd/surefire-test-report-3.0.xsd" version="3.0" name="runners.TestRunner" time="12.004" tests="6" errors="0" skipped="0" failures="0">
  <properties>
    <property name="java.specification.version" value="21"/>
    <property name="sun.cpu.isalist" value="amd64"/>
    <property name="sun.jnu.encoding" value="Cp1252"/>
    <property name="java.class.path" value="C:\Users\elvad\code\tellusapi\target\test-classes;C:\Users\elvad\code\tellusapi\target\classes;C:\Users\elvad\.m2\repository\junit\junit\4.13.2\junit-4.13.2.jar;C:\Users\elvad\.m2\repository\org\hamcrest\hamcrest-core\1.3\hamcrest-core-1.3.jar;C:\Users\elvad\.m2\repository\io\rest-assured\rest-assured\5.4.0\rest-assured-5.4.0.jar;C:\Users\elvad\.m2\repository\org\apache\groovy\groovy\4.0.16\groovy-4.0.16.jar;C:\Users\elvad\.m2\repository\org\apache\groovy\groovy-xml\4.0.16\groovy-xml-4.0.16.jar;C:\Users\elvad\.m2\repository\org\apache\httpcomponents\httpclient\4.5.13\httpclient-4.5.13.jar;C:\Users\elvad\.m2\repository\org\apache\httpcomponents\httpcore\4.4.13\httpcore-4.4.13.jar;C:\Users\elvad\.m2\repository\commons-logging\commons-logging\1.2\commons-logging-1.2.jar;C:\Users\elvad\.m2\repository\commons-codec\commons-codec\1.11\commons-codec-1.11.jar;C:\Users\elvad\.m2\repository\org\apache\httpcomponents\httpmime\4.5.13\httpmime-4.5.13.jar;C:\Users\elvad\.m2\repository\org\hamcrest\hamcrest\2.2\hamcrest-2.2.jar;C:\Users\elvad\.m2\repository\org\ccil\cowan\tagsoup\tagsoup\1.2.1\tagsoup-1.2.1.jar;C:\Users\elvad\.m2\repository\io\rest-assured\json-path\5.4.0\json-path-5.4.0.jar;C:\Users\elvad\.m2\repository\org\apache\groovy\groovy-json\4.0.16\groovy-json-4.0.16.jar;C:\Users\elvad\.m2\repository\io\rest-assured\rest-assured-common\5.4.0\rest-assured-common-5.4.0.jar;C:\Users\elvad\.m2\repository\io\rest-assured\xml-path\5.4.0\xml-path-5.4.0.jar;C:\Users\elvad\.m2\repository\org\apache\commons\commons-lang3\3.11\commons-lang3-3.11.jar;C:\Users\elvad\.m2\repository\io\cucumber\cucumber-java\7.14.0\cucumber-java-7.14.0.jar;C:\Users\elvad\.m2\repository\io\cucumber\cucumber-core\7.14.0\cucumber-core-7.14.0.jar;C:\Users\elvad\.m2\repository\io\cucumber\cucumber-gherkin\7.14.0\cucumber-gherkin-7.14.0.jar;C:\Users\elvad\.m2\repository\io\cucumber\cucumber-gherkin-messages\7.14.0\cucumber-gherkin-messages-7.14.0.jar;C:\Users\elvad\.m2\repository\io\cucumber\gherkin\26.2.0\gherkin-26.2.0.jar;C:\Users\elvad\.m2\repository\io\cucumber\messages\22.0.0\messages-22.0.0.jar;C:\Users\elvad\.m2\repository\io\cucumber\tag-expressions\5.0.6\tag-expressions-5.0.6.jar;C:\Users\elvad\.m2\repository\io\cucumber\cucumber-expressions\16.1.2\cucumber-expressions-16.1.2.jar;C:\Users\elvad\.m2\repository\io\cucumber\datatable\7.14.0\datatable-7.14.0.jar;C:\Users\elvad\.m2\repository\io\cucumber\cucumber-plugin\7.14.0\cucumber-plugin-7.14.0.jar;C:\Users\elvad\.m2\repository\io\cucumber\docstring\7.14.0\docstring-7.14.0.jar;C:\Users\elvad\.m2\repository\io\cucumber\html-formatter\20.4.0\html-formatter-20.4.0.jar;C:\Users\elvad\.m2\repository\io\cucumber\junit-xml-formatter\0.2.0\junit-xml-formatter-0.2.0.jar;C:\Users\elvad\.m2\repository\io\cucumber\ci-environment\9.2.0\ci-environment-9.2.0.jar;C:\Users\elvad\.m2\repository\org\apiguardian\apiguardian-api\1.1.2\apiguardian-api-1.1.2.jar;C:\Users\elvad\.m2\repository\io\cucumber\cucumber-junit\7.14.0\cucumber-junit-7.14.0.jar;"/>
    <property name="java.vm.vendor" value="Eclipse Adoptium"/>
    <property name="sun.arch.data.model" value="64"/>
    <property name="user.variant" value=""/>
    <property name="java.vendor.url" value="https://adoptium.net/"/>
    <property name="user.timezone" value="Europe/Paris"/>
    <property name="os.name" value="Windows 11"/>
    <property name="java.vm.specification.version" value="21"/>
    <property name="sun.java.launcher" value="SUN_STANDARD"/>
    <property name="user.country" value="US"/>
    <property name="sun.boot.library.path" value="C:\Program Files\Eclipse Adoptium\jdk-21.0.7.6-hotspot\bin"/>
    <property name="sun.java.command" value="C:\Users\elvad\AppData\Local\Temp\surefire6440288739150863190\surefirebooter-20250513150855157_3.jar C:\Users\elvad\AppData\Local\Temp\surefire6440288739150863190 2025-05-13T15-08-54_824-jvmRun1 surefire-20250513150855157_1tmp surefire_0-20250513150855157_2tmp"/>
    <property name="jdk.debug" value="release"/>
    <property name="surefire.test.class.path" value="C:\Users\elvad\code\tellusapi\target\test-classes;C:\Users\elvad\code\tellusapi\target\classes;C:\Users\elvad\.m2\repository\junit\junit\4.13.2\junit-4.13.2.jar;C:\Users\elvad\.m2\repository\org\hamcrest\hamcrest-core\1.3\hamcrest-core-1.3.jar;C:\Users\elvad\.m2\repository\io\rest-assured\rest-assured\5.4.0\rest-assured-5.4.0.jar;C:\Users\elvad\.m2\repository\org\apache\groovy\groovy\4.0.16\groovy-4.0.16.jar;C:\Users\elvad\.m2\repository\org\apache\groovy\groovy-xml\4.0.16\groovy-xml-4.0.16.jar;C:\Users\elvad\.m2\repository\org\apache\httpcomponents\httpclient\4.5.13\httpclient-4.5.13.jar;C:\Users\elvad\.m2\repository\org\apache\httpcomponents\httpcore\4.4.13\httpcore-4.4.13.jar;C:\Users\elvad\.m2\repository\commons-logging\commons-logging\1.2\commons-logging-1.2.jar;C:\Users\elvad\.m2\repository\commons-codec\commons-codec\1.11\commons-codec-1.11.jar;C:\Users\elvad\.m2\repository\org\apache\httpcomponents\httpmime\4.5.13\httpmime-4.5.13.jar;C:\Users\elvad\.m2\repository\org\hamcrest\hamcrest\2.2\hamcrest-2.2.jar;C:\Users\elvad\.m2\repository\org\ccil\cowan\tagsoup\tagsoup\1.2.1\tagsoup-1.2.1.jar;C:\Users\elvad\.m2\repository\io\rest-assured\json-path\5.4.0\json-path-5.4.0.jar;C:\Users\elvad\.m2\repository\org\apache\groovy\groovy-json\4.0.16\groovy-json-4.0.16.jar;C:\Users\elvad\.m2\repository\io\rest-assured\rest-assured-common\5.4.0\rest-assured-common-5.4.0.jar;C:\Users\elvad\.m2\repository\io\rest-assured\xml-path\5.4.0\xml-path-5.4.0.jar;C:\Users\elvad\.m2\repository\org\apache\commons\commons-lang3\3.11\commons-lang3-3.11.jar;C:\Users\elvad\.m2\repository\io\cucumber\cucumber-java\7.14.0\cucumber-java-7.14.0.jar;C:\Users\elvad\.m2\repository\io\cucumber\cucumber-core\7.14.0\cucumber-core-7.14.0.jar;C:\Users\elvad\.m2\repository\io\cucumber\cucumber-gherkin\7.14.0\cucumber-gherkin-7.14.0.jar;C:\Users\elvad\.m2\repository\io\cucumber\cucumber-gherkin-messages\7.14.0\cucumber-gherkin-messages-7.14.0.jar;C:\Users\elvad\.m2\repository\io\cucumber\gherkin\26.2.0\gherkin-26.2.0.jar;C:\Users\elvad\.m2\repository\io\cucumber\messages\22.0.0\messages-22.0.0.jar;C:\Users\elvad\.m2\repository\io\cucumber\tag-expressions\5.0.6\tag-expressions-5.0.6.jar;C:\Users\elvad\.m2\repository\io\cucumber\cucumber-expressions\16.1.2\cucumber-expressions-16.1.2.jar;C:\Users\elvad\.m2\repository\io\cucumber\datatable\7.14.0\datatable-7.14.0.jar;C:\Users\elvad\.m2\repository\io\cucumber\cucumber-plugin\7.14.0\cucumber-plugin-7.14.0.jar;C:\Users\elvad\.m2\repository\io\cucumber\docstring\7.14.0\docstring-7.14.0.jar;C:\Users\elvad\.m2\repository\io\cucumber\html-formatter\20.4.0\html-formatter-20.4.0.jar;C:\Users\elvad\.m2\repository\io\cucumber\junit-xml-formatter\0.2.0\junit-xml-formatter-0.2.0.jar;C:\Users\elvad\.m2\repository\io\cucumber\ci-environment\9.2.0\ci-environment-9.2.0.jar;C:\Users\elvad\.m2\repository\org\apiguardian\apiguardian-api\1.1.2\apiguardian-api-1.1.2.jar;C:\Users\elvad\.m2\repository\io\cucumber\cucumber-junit\7.14.0\cucumber-junit-7.14.0.jar;"/>
    <property name="sun.cpu.endian" value="little"/>
    <property name="user.home" value="C:\Users\elvad"/>
    <property name="user.language" value="en"/>
    <property name="java.specification.vendor" value="Oracle Corporation"/>
    <property name="java.version.date" value="2025-04-15"/>
    <property name="java.home" value="C:\Program Files\Eclipse Adoptium\jdk-21.0.7.6-hotspot"/>
    <property name="file.separator" value="\"/>
    <property name="basedir" value="C:\Users\elvad\code\tellusapi"/>
    <property name="java.vm.compressedOopsMode" value="Zero based"/>
    <property name="line.separator" value="&#10;"/>
    <property name="java.vm.specification.vendor" value="Oracle Corporation"/>
    <property name="java.specification.name" value="Java Platform API Specification"/>
    <property name="surefire.real.class.path" value="C:\Users\elvad\AppData\Local\Temp\surefire6440288739150863190\surefirebooter-20250513150855157_3.jar"/>
    <property name="user.script" value=""/>
    <property name="sun.management.compiler" value="HotSpot 64-Bit Tiered Compilers"/>
    <property name="java.runtime.version" value="21.0.7+6-LTS"/>
    <property name="user.name" value="elvad"/>
    <property name="stdout.encoding" value="Cp1252"/>
    <property name="path.separator" value=";"/>
    <property name="os.version" value="10.0"/>
    <property name="java.runtime.name" value="OpenJDK Runtime Environment"/>
    <property name="file.encoding" value="UTF-8"/>
    <property name="java.vm.name" value="OpenJDK 64-Bit Server VM"/>
    <property name="java.vendor.version" value="Temurin-21.0.7+6"/>
    <property name="localRepository" value="C:\Users\elvad\.m2\repository"/>
    <property name="java.vendor.url.bug" value="https://github.com/adoptium/adoptium-support/issues"/>
    <property name="java.io.tmpdir" value="C:\Users\elvad\AppData\Local\Temp\"/>
    <property name="java.version" value="21.0.7"/>
    <property name="user.dir" value="C:\Users\elvad\code\tellusapi"/>
    <property name="os.arch" value="amd64"/>
    <property name="java.vm.specification.name" value="Java Virtual Machine Specification"/>
    <property name="sun.os.patch.level" value=""/>
    <property name="native.encoding" value="Cp1252"/>
    <property name="java.library.path" value="C:\Program Files\Eclipse Adoptium\jdk-21.0.7.6-hotspot\bin;C:\Windows\Sun\Java\bin;C:\Windows\system32;C:\Windows;C:\Program Files\Eclipse Adoptium\jdk-21.0.7.6-hotspot\bin;C:\Program Files\Eclipse Adoptium\jdk-8.0.402.6-hotspot\bin;C:\Windows\system32;C:\Windows;C:\Windows\System32\Wbem;C:\Windows\System32\WindowsPowerShell\v1.0\;C:\Windows\System32\OpenSSH\;C:\Program Files\nodejs\;C:\Users\elvad\AppData\Local\Microsoft\WindowsApps;C:\Users\elvad\AppData\Local\Programs\Microsoft VS Code\bin;C:\Users\elvad\AppData\Roaming\npm;C:\Program Files\apache-maven-3.9.9\bin;;."/>
    <property name="java.vm.info" value="mixed mode, sharing"/>
    <property name="stderr.encoding" value="Cp1252"/>
    <property name="java.vendor" value="Eclipse Adoptium"/>
    <property name="java.vm.version" value="21.0.7+6-LTS"/>
    <property name="sun.io.unicode.encoding" value="UnicodeLittle"/>
    <property name="java.class.version" value="65.0"/>
  </properties>
  <testcase name="Obtain access token using client credentials" classname="Create new incident" time="5.279">
    <system-out><![CDATA[
Scenario: Obtain access token using client credentials                                                                      &amp#27;[90m# src/test/resources/features/Incident.feature:3&amp#27;[0m
  &amp#27;[32mGiven &amp#27;[0m&amp#27;[32mthe OAuth2 token endpoint is available&amp#27;[0m                                                                              &amp#27;[90m# stepdefinitions.OAuth2Steps.the_token_endpoint_is_available()&amp#27;[0m
  &amp#27;[32mWhen &amp#27;[0m&amp#27;[32mI request an access token with client_id &amp#27;[0m&amp#27;[32m&amp#27;[1m"57151108413866056153"&amp#27;[0m&amp#27;[32m and client_secret &amp#27;[0m&amp#27;[32m&amp#27;[1m"46B84DB48191256AC3A73C710D1872B3"&amp#27;[0m &amp#27;[90m# stepdefinitions.OAuth2Steps.i_request_access_token(java.lang.String,java.lang.String)&amp#27;[0m
  &amp#27;[32mThen &amp#27;[0m&amp#27;[32mI should receive an access token in the response&amp#27;[0m                                                                     &amp#27;[90m# stepdefinitions.OAuth2Steps.i_should_receive_access_token()&amp#27;[0m
]]></system-out>
  </testcase>
  <testcase name="Create a new incident case" classname="Create new incident" time="1.114">
    <system-out><![CDATA[
Scenario: Create a new incident case                                      &amp#27;[90m# src/test/resources/features/Incident.feature:8&amp#27;[0m
  &amp#27;[32mGiven &amp#27;[0m&amp#27;[32mthe Create Case API endpoint is available&amp#27;[0m                         &amp#27;[90m# stepdefinitions.Incident.the_Create_Case_API_endpoint_is_available()&amp#27;[0m
  &amp#27;[32mWhen &amp#27;[0m&amp#27;[32mI create a new incident case&amp#27;[0m                                       &amp#27;[90m# stepdefinitions.Incident.i_create_a_new_incident_case()&amp#27;[0m
  &amp#27;[32mThen &amp#27;[0m&amp#27;[32mthe response status code should be &amp#27;[0m&amp#27;[32m&amp#27;[1m201&amp#27;[0m                             &amp#27;[90m# stepdefinitions.Incident.the_response_status_code_should_be(java.lang.Integer)&amp#27;[0m
  &amp#27;[32mAnd &amp#27;[0m&amp#27;[32mthe response should include case ID&amp#27;[0m                                 &amp#27;[90m# stepdefinitions.Incident.the_response_should_include_case_id()&amp#27;[0m
  &amp#27;[32mAnd &amp#27;[0m&amp#27;[32mthe response should include next assignment ID &amp#27;[0m&amp#27;[32m&amp#27;[1m"CREATEFORM_DEFAULT"&amp#27;[0m &amp#27;[90m# stepdefinitions.Incident.the_response_should_include_next_assignment_id(java.lang.String)&amp#27;[0m
  &amp#27;[32mAnd &amp#27;[0m&amp#27;[32mthe open link href should be &amp#27;[0m&amp#27;[32m&amp#27;[1m"CREATEFORM_DEFAULT"&amp#27;[0m                   &amp#27;[90m# stepdefinitions.Incident.the_open_link_href_should_be(java.lang.String)&amp#27;[0m
]]></system-out>
  </testcase>
  <testcase name="User determines incident category for assignment" classname="Create new incident" time="0.883">
    <system-out><![CDATA[
Scenario: User determines incident category for assignment           &amp#27;[90m# src/test/resources/features/Incident.feature:16&amp#27;[0m
  &amp#27;[32mGiven &amp#27;[0m&amp#27;[32mthe DetermineCategory API endpoint is available&amp#27;[0m              &amp#27;[90m# stepdefinitions.Incident.the_DetermineCategory_API_endpoint_is_available()&amp#27;[0m
  &amp#27;[32mWhen &amp#27;[0m&amp#27;[32mI submit the following incident details:&amp#27;[0m                      &amp#27;[90m# stepdefinitions.Incident.i_submit_the_following_incident_details(io.cucumber.datatable.DataTable)&amp#27;[0m
    | IncidentType           | IncidentSubType                         |
    | Customer service issue | Delays or no response to communications |
  &amp#27;[32mThen &amp#27;[0m&amp#27;[32mthe response status code should be &amp#27;[0m&amp#27;[32m&amp#27;[1m200&amp#27;[0m                        &amp#27;[90m# stepdefinitions.Incident.the_response_status_code_should_be(java.lang.Integer)&amp#27;[0m
  &amp#27;[32mAnd &amp#27;[0m&amp#27;[32mthe response should include assignment ID &amp#27;[0m&amp#27;[32m&amp#27;[1m"CREATEFORM_DEFAULT"&amp#27;[0m &amp#27;[90m# stepdefinitions.Incident.the_response_should_include_assignment_id(java.lang.String)&amp#27;[0m
  &amp#27;[32mAnd &amp#27;[0m&amp#27;[32mthe open link href should be &amp#27;[0m&amp#27;[32m&amp#27;[1m"CREATEFORM_DEFAULT"&amp#27;[0m              &amp#27;[90m# stepdefinitions.Incident.the_open_link_href_should_be(java.lang.String)&amp#27;[0m
]]></system-out>
  </testcase>
  <testcase name="Submit service details for assignment" classname="Create new incident" time="1.234">
    <system-out><![CDATA[
Scenario: Submit service details for assignment                      &amp#27;[90m# src/test/resources/features/Incident.feature:25&amp#27;[0m
  &amp#27;[32mGiven &amp#27;[0m&amp#27;[32mthe ServiceDetails API endpoint is available&amp#27;[0m                 &amp#27;[90m# stepdefinitions.Incident.the_ServiceDetails_API_endpoint_is_available()&amp#27;[0m
  &amp#27;[32mWhen &amp#27;[0m&amp#27;[32mI submit the following service details:&amp#27;[0m                       &amp#27;[90m# stepdefinitions.Incident.i_submit_the_following_service_details(io.cucumber.datatable.DataTable)&amp#27;[0m
    | CommunicationChannel | What                     | When       | Where             | WhereThereAnyOtherPeopleAffected |
    | E-mail               | https://portal.pega.com/ | 2025-05-06 | My Worklist link. | false                            |
  &amp#27;[32mThen &amp#27;[0m&amp#27;[32mthe response status code should be &amp#27;[0m&amp#27;[32m&amp#27;[1m200&amp#27;[0m                        &amp#27;[90m# stepdefinitions.Incident.the_response_status_code_should_be(java.lang.Integer)&amp#27;[0m
  &amp#27;[32mAnd &amp#27;[0m&amp#27;[32mthe response should include assignment ID &amp#27;[0m&amp#27;[32m&amp#27;[1m"CREATEFORM_DEFAULT"&amp#27;[0m &amp#27;[90m# stepdefinitions.Incident.the_response_should_include_assignment_id(java.lang.String)&amp#27;[0m
  &amp#27;[32mAnd &amp#27;[0m&amp#27;[32mthe open link href should be &amp#27;[0m&amp#27;[32m&amp#27;[1m"CREATEFORM_DEFAULT"&amp#27;[0m              &amp#27;[90m# stepdefinitions.Incident.the_open_link_href_should_be(java.lang.String)&amp#27;[0m
]]></system-out>
  </testcase>
  <testcase name="Submit contact info for assignment" classname="Create new incident" time="1.239">
    <system-out><![CDATA[
Scenario: Submit contact info for assignment                         &amp#27;[90m# src/test/resources/features/Incident.feature:34&amp#27;[0m
  &amp#27;[32mGiven &amp#27;[0m&amp#27;[32mthe ContactInfo API endpoint is available&amp#27;[0m                    &amp#27;[90m# stepdefinitions.Incident.the_ContactInfo_API_endpoint_is_available()&amp#27;[0m
  &amp#27;[32mWhen &amp#27;[0m&amp#27;[32mI submit the following contact details:&amp#27;[0m                       &amp#27;[90m# stepdefinitions.Incident.i_submit_the_following_contact_details(io.cucumber.datatable.DataTable)&amp#27;[0m
    | FName | LName       | EMail         | PhoneNumber  | AddressMode | pyCountry | pyCity | pyStreet                  | pyPostalCode | pyState |
    | Demo  | API-testing | test@test.com | +44666666666 | Manually    | Spain     | Madrid | Calle de José Abascal, 41 | 28003        | [empty] |
  &amp#27;[32mThen &amp#27;[0m&amp#27;[32mthe response status code should be &amp#27;[0m&amp#27;[32m&amp#27;[1m200&amp#27;[0m                        &amp#27;[90m# stepdefinitions.Incident.the_response_status_code_should_be(java.lang.Integer)&amp#27;[0m
  &amp#27;[32mAnd &amp#27;[0m&amp#27;[32mthe response should include assignment ID &amp#27;[0m&amp#27;[32m&amp#27;[1m"CREATEFORM_DEFAULT"&amp#27;[0m &amp#27;[90m# stepdefinitions.Incident.the_response_should_include_assignment_id(java.lang.String)&amp#27;[0m
  &amp#27;[32mAnd &amp#27;[0m&amp#27;[32mthe open link href should be &amp#27;[0m&amp#27;[32m&amp#27;[1m"CREATEFORM_DEFAULT"&amp#27;[0m              &amp#27;[90m# stepdefinitions.Incident.the_open_link_href_should_be(java.lang.String)&amp#27;[0m
]]></system-out>
  </testcase>
  <testcase name="Submit review with user consent and privacy policy agreement" classname="Create new incident" time="0.862">
    <system-out><![CDATA[
Scenario: Submit review with user consent and privacy policy agreement                                                     &amp#27;[90m# src/test/resources/features/Incident.feature:43&amp#27;[0m
  &amp#27;[32mGiven &amp#27;[0m&amp#27;[32mthe Review API endpoint is available&amp#27;[0m                                                                               &amp#27;[90m# stepdefinitions.Incident.the_Review_API_endpoint_is_available()&amp#27;[0m
  &amp#27;[32mWhen &amp#27;[0m&amp#27;[32mI submit review consent as follows:&amp#27;[0m                                                                                 &amp#27;[90m# stepdefinitions.Incident.i_submit_review_consent_as_follows(io.cucumber.datatable.DataTable)&amp#27;[0m
    | UserConsent | PrivacyPolicy |
    | true        | true          |
  &amp#27;[32mThen &amp#27;[0m&amp#27;[32mthe response status code should be &amp#27;[0m&amp#27;[32m&amp#27;[1m200&amp#27;[0m                                                                              &amp#27;[90m# stepdefinitions.Incident.the_response_status_code_should_be(java.lang.Integer)&amp#27;[0m
  &amp#27;[32mAnd &amp#27;[0m&amp#27;[32mthe case status is &amp#27;[0m&amp#27;[32m&amp#27;[1m"Pending-Dispatch"&amp#27;[0m                                                                                &amp#27;[90m# stepdefinitions.Incident.the_case_status_is(java.lang.String)&amp#27;[0m
  &amp#27;[32mAnd &amp#27;[0m&amp#27;[32mthe case urgency is &amp#27;[0m&amp#27;[32m&amp#27;[1m"10"&amp#27;[0m                                                                                             &amp#27;[90m# stepdefinitions.Incident.the_case_urgency_is(java.lang.String)&amp#27;[0m
  &amp#27;[32mAnd &amp#27;[0m&amp#27;[32mthe response should contain confirmation note &amp#27;[0m&amp#27;[32m&amp#27;[1m"Thank you! The next step in this case has been routed appropriately."&amp#27;[0m &amp#27;[90m# stepdefinitions.Incident.the_response_should_contain_confirmation_note(java.lang.String)&amp#27;[0m
  &amp#27;[32mAnd &amp#27;[0m&amp#27;[32mthe getNextWork link href should be &amp#27;[0m&amp#27;[32m&amp#27;[1m"/assignments/next/"&amp#27;[0m                                                             &amp#27;[90m# stepdefinitions.Incident.the_getNextWork_link_href_should_be(java.lang.String)&amp#27;[0m
]]></system-out>
  </testcase>
</testsuite>